<?xml version="1.0" encoding="UTF-8"?>
<!-- Generated by org.testng.reporters.JUnitReportReporter -->
<testsuite hostname="LAPTOP-SEB04FK6" name="GodaddyProject.Godaddy.CreateAccountTest" tests="1" failures="0" timestamp="12 May 2021 06:28:44 GMT" time="7.051" errors="0">
  <testcase name="creatingAcnt" time="7.051" classname="GodaddyProject.Godaddy.CreateAccountTest"/>
</testsuite> <!-- GodaddyProject.Godaddy.CreateAccountTest -->
